[debug] [2021-07-26T05:07:35.575Z] ----------------------------------------------------------------------
[debug] [2021-07-26T05:07:35.577Z] Command:       C:\Program Files\nodejs\node.exe C:\Users\Greeta\AppData\Roaming\npm\node_modules\firebase-tools\lib\bin\firebase.js init
[debug] [2021-07-26T05:07:35.578Z] CLI Version:   9.16.0
[debug] [2021-07-26T05:07:35.578Z] Platform:      win32
[debug] [2021-07-26T05:07:35.578Z] Node Version:  v14.16.1
[debug] [2021-07-26T05:07:35.579Z] Time:          Mon Jul 26 2021 10:37:35 GMT+0530 (India Standard Time)
[debug] [2021-07-26T05:07:35.579Z] ----------------------------------------------------------------------
[debug] 
[debug] [2021-07-26T05:07:35.588Z] > command requires scopes: ["email","openid","https://www.googleapis.com/auth/cloudplatformprojects.readonly","https://www.googleapis.com/auth/firebase","https://www.googleapis.com/auth/cloud-platform"]
[debug] [2021-07-26T05:07:35.588Z] > authorizing via signed-in user (greeta1999kavitha@gmail.com)
[info] 
     ######## #### ########  ######## ########     ###     ######  ########
     ##        ##  ##     ## ##       ##     ##  ##   ##  ##       ##
     ######    ##  ########  ######   ########  #########  ######  ######
     ##        ##  ##    ##  ##       ##     ## ##     ##       ## ##
     ##       #### ##     ## ######## ########  ##     ##  ######  ########

You're about to initialize a Firebase project in this directory:

  C:\Users\Greeta\source\repos\React_Programs\fastest-clicker-first\backend

[info] 
=== Project Setup
[info] 
[info] First, let's associate this project directory with a Firebase project.
[info] You can create multiple project aliases by running firebase use --add, 
[info] but for now we'll just set up a default project.
[info] 
[debug] [2021-07-26T05:07:55.187Z] >>> [apiv2][query] GET https://firebase.googleapis.com/v1beta1/projects pageSize=100
[debug] [2021-07-26T05:07:56.248Z] <<< [apiv2][status] GET https://firebase.googleapis.com/v1beta1/projects 200
[debug] [2021-07-26T05:07:56.249Z] <<< [apiv2][body] GET https://firebase.googleapis.com/v1beta1/projects [omitted]
